[ERROR] Tools.Todsl.Compile List process: ReferenceError: Container is falsy
	at NodePath._replaceWith (/Applications/APICloud Studio 3.app/Contents/Resources/app/node_modules/@babel/traverse/lib/path/replacement.js:166:11)
	at NodePath.replaceWith (/Applications/APICloud Studio 3.app/Contents/Resources/app/node_modules/@babel/traverse/lib/path/replacement.js:156:8)
	at JSXExpressionContainer (/Applications/APICloud Studio 3.app/Contents/Resources/app/extensions/apicloud-stml/lib/sfc-to-dsl/src/sfc/index.js:197:10)
	at NodePath._call (/Applications/APICloud Studio 3.app/Contents/Resources/app/node_modules/@babel/traverse/lib/path/context.js:55:20)
	at NodePath.call (/Applications/APICloud Studio 3.app/Contents/Resources/app/node_modules/@babel/traverse/lib/path/context.js:42:17)
	at NodePath.visit (/Applications/APICloud Studio 3.app/Contents/Resources/app/node_modules/@babel/traverse/lib/path/context.js:90:31)
	at TraversalContext.visitQueue (/Applications/APICloud Studio 3.app/Contents/Resources/app/node_modules/@babel/traverse/lib/context.js:112:16)
	at TraversalContext.visitMultiple (/Applications/APICloud Studio 3.app/Contents/Resources/app/node_modules/@babel/traverse/lib/context.js:79:17)
	at TraversalContext.visit (/Applications/APICloud Studio 3.app/Contents/Resources/app/node_modules/@babel/traverse/lib/context.js:138:19)
	at Function.traverse.node (/Applications/APICloud Studio 3.app/Contents/Resources/app/node_modules/@babel/traverse/lib/index.js:84:17)
	at NodePath.visit (/Applications/APICloud Studio 3.app/Contents/Resources/app/node_modules/@babel/traverse/lib/path/context.js:97:18)
	at TraversalContext.visitQueue (/Applications/APICloud Studio 3.app/Contents/Resources/app/node_modules/@babel/traverse/lib/context.js:112:16)
	at TraversalContext.visitMultiple (/Applications/APICloud Studio 3.app/Contents/Resources/app/node_modules/@babel/traverse/lib/context.js:79:17)
	at TraversalContext.visit (/Applications/APICloud Studio 3.app/Contents/Resources/app/node_modules/@babel/traverse/lib/context.js:138:19)
	at Function.traverse.node (/Applications/APICloud Studio 3.app/Contents/Resources/app/node_modules/@babel/traverse/lib/index.js:84:17)
	at NodePath.visit (/Applications/APICloud Studio 3.app/Contents/Resources/app/node_modules/@babel/traverse/lib/path/context.js:97:18)
	at TraversalContext.visitQueue (/Applications/APICloud Studio 3.app/Contents/Resources/app/node_modules/@babel/traverse/lib/context.js:112:16)
	at TraversalContext.visitMultiple (/Applications/APICloud Studio 3.app/Contents/Resources/app/node_modules/@babel/traverse/lib/context.js:79:17)
	at TraversalContext.visit (/Applications/APICloud Studio 3.app/Contents/Resources/app/node_modules/@babel/traverse/lib/context.js:138:19)
	at Function.traverse.node (/Applications/APICloud Studio 3.app/Contents/Resources/app/node_modules/@babel/traverse/lib/index.js:84:17)
	at NodePath.visit (/Applications/APICloud Studio 3.app/Contents/Resources/app/node_modules/@babel/traverse/lib/path/context.js:97:18)
	at TraversalContext.visitQueue (/Applications/APICloud Studio 3.app/Contents/Resources/app/node_modules/@babel/traverse/lib/context.js:112:16)
	at TraversalContext.visitSingle (/Applications/APICloud Studio 3.app/Contents/Resources/app/node_modules/@babel/traverse/lib/context.js:84:19)
	at TraversalContext.visit (/Applications/APICloud Studio 3.app/Contents/Resources/app/node_modules/@babel/traverse/lib/context.js:140:19)
	at Function.traverse.node (/Applications/APICloud Studio 3.app/Contents/Resources/app/node_modules/@babel/traverse/lib/index.js:84:17)
	at NodePath.visit (/Applications/APICloud Studio 3.app/Contents/Resources/app/node_modules/@babel/traverse/lib/path/context.js:97:18)
	at TraversalContext.visitQueue (/Applications/APICloud Studio 3.app/Contents/Resources/app/node_modules/@babel/traverse/lib/context.js:112:16)
	at TraversalContext.visitMultiple (/Applications/APICloud Studio 3.app/Contents/Resources/app/node_modules/@babel/traverse/lib/context.js:79:17)
	at TraversalContext.visit (/Applications/APICloud Studio 3.app/Contents/Resources/app/node_modules/@babel/traverse/lib/context.js:138:19)
	at Function.traverse.node (/Applications/APICloud Studio 3.app/Contents/Resources/app/node_modules/@babel/traverse/lib/index.js:84:17)
	at NodePath.visit (/Applications/APICloud Studio 3.app/Contents/Resources/app/node_modules/@babel/traverse/lib/path/context.js:97:18)
	at TraversalContext.visitQueue (/Applications/APICloud Studio 3.app/Contents/Resources/app/node_modules/@babel/traverse/lib/context.js:112:16)
	at TraversalContext.visitSingle (/Applications/APICloud Studio 3.app/Contents/Resources/app/node_modules/@babel/traverse/lib/context.js:84:19)
	at TraversalContext.visit (/Applications/APICloud Studio 3.app/Contents/Resources/app/node_modules/@babel/traverse/lib/context.js:140:19)
	at Function.traverse.node (/Applications/APICloud Studio 3.app/Contents/Resources/app/node_modules/@babel/traverse/lib/index.js:84:17)
	at traverse (/Applications/APICloud Studio 3.app/Contents/Resources/app/node_modules/@babel/traverse/lib/index.js:66:12)
	at traverseTemplate (/Applications/APICloud Studio 3.app/Contents/Resources/app/extensions/apicloud-stml/lib/sfc-to-dsl/src/sfc/index.js:129:2)
	at transformForComponent (/Applications/APICloud Studio 3.app/Contents/Resources/app/extensions/apicloud-stml/lib/sfc-to-dsl/src/index.js:190:19)
	at transformSource (/Applications/APICloud Studio 3.app/Contents/Resources/app/extensions/apicloud-stml/lib/sfc-to-dsl/src/index.js:333:9)
	at Object.transform (/Applications/APICloud Studio 3.app/Contents/Resources/app/extensions/apicloud-stml/lib/sfc-to-dsl/index.js:128:21)
	at runHook.Promise.resolve.then (/Applications/APICloud Studio 3.app/Contents/Resources/app/node_modules/rollup/dist/shared/node-entry.js:13117:25)
 at list_view_cell.stml